<?xml version="1.0" encoding="UTF-8"?>
<!-- Generated by org.testng.reporters.JUnitReportReporter -->
<testsuite hostname="USDLSMVDIF00997" name="Automation1.TestClass" tests="1" failures="0" timestamp="16 Sep 2017 19:29:21 GMT" time="79.881" errors="0">
  <testcase name="FinalExecution" time="79.881" classname="Automation1.TestClass"/>
</testsuite> <!-- Automation1.TestClass -->
